Arguments: 
  C:\Program Files\nodejs\node.exe C:\Users\reube\AppData\Roaming\npm\node_modules\yarn\bin\yarn.js add winston

PATH: 
  C:\Users\reube\bin;C:\Program Files\Git\mingw64\bin;C:\Program Files\Git\usr\local\bin;C:\Program Files\Git\usr\bin;C:\Program Files\Git\usr\bin;C:\Program Files\Git\mingw64\bin;C:\Program Files\Git\usr\bin;C:\Users\reube\bin;C:\ProgramData\Oracle\Java\javapath;C:\WINDOWS\system32;C:\WINDOWS;C:\WINDOWS\System32\Wbem;C:\WINDOWS\System32\WindowsPowerShell\v1.0;C:\Program Files (x86)\Windows Kits\8.1\Windows Performance Toolkit;C:\Program Files\Microsoft SQL Server\120\Tools\Binn;C:\Program Files\Microsoft SQL Server\130\Tools\Binn;C:\Program Files (x86)\Microsoft Emulator Manager\1.0;C:\Program Files\Microsoft SQL Server\Client SDK\ODBC\130\Tools\Binn;C:\Program Files (x86)\Microsoft SQL Server\130\Tools\Binn;C:\Program Files\Microsoft SQL Server\130\DTS\Binn;C:\Program Files (x86)\Microsoft SQL Server\Client SDK\ODBC\130\Tools\Binn;C:\Program Files (x86)\Microsoft SQL Server\130\DTS\Binn;C:\Program Files (x86)\Microsoft SQL Server\130\Tools\Binn\ManagementStudio;C:\Program Files (x86)\Microsoft SQL Server\110\Tools\Binn;C:\Program Files\Microsoft SQL Server\110\Tools\Binn;C:\Program Files\Microsoft SQL Server\110\DTS\Binn;C:\Program Files\dotnet;C:\Program Files\Microsoft DNX\Dnvm;C:\Program Files\Microsoft\Web Platform Installer;C:\Program Files (x86)\Microsoft SQL Server\110\DTS\Binn;C:\Program Files (x86)\Microsoft SQL Server\120\DTS\Binn;C:\Program Files\MongoDB\Server\3.2\bin;C:\Program Files\nodejs;C:\Program Files\TortoiseHg;C:\Program Files\Git\cmd;C:\Program Files (x86)\PDFtk\bin;C:\Users\reube\AppData\Local\Microsoft\WindowsApps;C:\Program Files (x86)\Microsoft VS Code\bin;C:\Program Files\MongoDB\Server\3.2\bin;C:\Users\reube\AppData\Roaming\npm;C:\Program Files\Heroku\bin;C:\Users\reube\AppData\Local\atom\bin;%USERPROFILE%\AppData\Local\Microsoft\WindowsApps;C:\Program Files\Git\usr\bin\vendor_perl;C:\Program Files\Git\usr\bin\core_perl

Yarn version: 
  0.16.0

Node version: 
  6.9.1

Platform: 
  win32 x64

npm manifest: 
  {
    "name": "redux-simple-starter",
    "version": "1.0.0",
    "description": "Simple starter package for Redux with React and Babel support",
    "main": "index.js",
    "repository": "git@github.com:StephenGrider/ReduxSimpleStarter.git",
    "scripts": {
      "start": "node scripts/start.js",
      "build": "node scripts/build.js",
      "test": "node scripts/test.js --env=jsdom"
    },
    "author": "",
    "license": "ISC",
    "devDependencies": {},
    "dependencies": {
      "autoprefixer": "7.1.2",
      "axios": "^0.16.2",
      "babel-core": "6.25.0",
      "babel-eslint": "7.2.3",
      "babel-jest": "20.0.3",
      "babel-loader": "7.1.1",
      "babel-preset-react-app": "^3.0.2",
      "babel-runtime": "6.26.0",
      "case-sensitive-paths-webpack-plugin": "2.1.1",
      "chalk": "1.1.3",
      "css-loader": "0.28.4",
      "dotenv": "4.0.0",
      "eslint": "4.4.1",
      "eslint-config-react-app": "^2.0.0",
      "eslint-loader": "1.9.0",
      "eslint-plugin-flowtype": "2.35.0",
      "eslint-plugin-import": "2.7.0",
      "eslint-plugin-jsx-a11y": "5.1.1",
      "eslint-plugin-react": "7.1.0",
      "extract-text-webpack-plugin": "3.0.0",
      "file-loader": "0.11.2",
      "fs-extra": "3.0.1",
      "html-webpack-plugin": "2.29.0",
      "jest": "20.0.4",
      "object-assign": "4.1.1",
      "postcss-flexbugs-fixes": "3.2.0",
      "postcss-loader": "2.0.6",
      "promise": "8.0.1",
      "prop-types": "^15.5.10",
      "react": "^15.6.1",
      "react-dev-utils": "^4.0.1",
      "react-dom": "^15.6.1",
      "react-redux": "^5.0.6",
      "react-router": "^2.4.1",
      "react-router-redux": "^4.0.8",
      "redux": "^3.7.2",
      "redux-form": "^7.0.4",
      "redux-saga": "^0.15.6",
      "style-loader": "0.18.2",
      "sw-precache-webpack-plugin": "0.11.4",
      "url-loader": "0.5.9",
      "webpack": "3.5.1",
      "webpack-dev-server": "2.7.1",
      "webpack-manifest-plugin": "1.2.1",
      "whatwg-fetch": "2.0.3"
    },
    "jest": {
      "collectCoverageFrom": [
        "src/**/*.{js,jsx}"
      ],
      "setupFiles": [
        "<rootDir>/config/polyfills.js"
      ],
      "testMatch": [
        "<rootDir>/src/**/__tests__/**/*.js?(x)",
        "<rootDir>/src/**/?(*.)(spec|test).js?(x)"
      ],
      "testEnvironment": "node",
      "testURL": "http://localhost",
      "transform": {
        "^.+\\.(js|jsx)$": "<rootDir>/node_modules/babel-jest",
        "^.+\\.css$": "<rootDir>/config/jest/cssTransform.js",
        "^(?!.*\\.(js|jsx|css|json)$)": "<rootDir>/config/jest/fileTransform.js"
      },
      "transformIgnorePatterns": [
        "[/\\\\]node_modules[/\\\\].+\\.(js|jsx)$"
      ],
      "moduleNameMapper": {
        "^react-native$": "react-native-web"
      },
      "moduleFileExtensions": [
        "web.js",
        "js",
        "json",
        "web.jsx",
        "jsx",
        "node"
      ]
    },
    "babel": {
      "presets": [
        "react-app"
      ]
    },
    "eslintConfig": {
      "extends": "react-app"
    }
  }

yarn manifest: 
  No manifest

bower manifest: 
  No manifest

Lockfile: 
  No lockfile

Trace: 
  Error: getaddrinfo ENOTFOUND registry.yarnpkg.com registry.yarnpkg.com:443
      at errnoException (dns.js:28:10)
      at GetAddrInfoReqWrap.onlookup [as oncomplete] (dns.js:76:26)
